
> frontend@0.0.0 start
> ng serve

❯ Building...
✔ Building...
Initial chunk files | Names         | Raw size
main.js             | main          | 47.68 kB |
styles.css          | styles        | 95 bytes |

                    | Initial total | 47.78 kB

Application bundle generation complete. [2.239 seconds] - 2026-02-03T18:28:22.074Z

Watch mode enabled. Watching for file changes...
NOTE: Raw file sizes do not reflect development server per-request transformations.
  ➜  Local:   http://localhost:4200/
❯ Changes detected. Rebuilding...
✔ Changes detected. Rebuilding...
Initial chunk files | Names | Raw size
main.js             | main  | 51.43 kB |

Application bundle generation complete. [0.203 seconds] - 2026-02-03T18:30:39.314Z

Page reload sent to client(s).
❯ Changes detected. Rebuilding...
✔ Changes detected. Rebuilding...
Initial chunk files | Names | Raw size
main.js             | main  |  6.42 kB |

Application bundle generation complete. [0.115 seconds] - 2026-02-03T18:30:45.010Z

Component update sent to client(s).
❯ Changes detected. Rebuilding...
✔ Changes detected. Rebuilding...
Initial chunk files | Names | Raw size
main.js             | main  |  6.47 kB |

Application bundle generation complete. [0.145 seconds] - 2026-02-03T18:30:48.636Z

Page reload sent to client(s).
❯ Changes detected. Rebuilding...
✔ Changes detected. Rebuilding...
Initial chunk files | Names         | Raw size
main.js             | main          |  6.47 kB |
styles.css          | styles        | 95 bytes |

                    | Initial total |  6.56 kB

Application bundle generation complete. [0.250 seconds] - 2026-02-03T18:33:47.356Z

❯ Changes detected. Rebuilding...
✔ Changes detected. Rebuilding...
Initial chunk files | Names         | Raw size
main.js             | main          |  6.47 kB |
styles.css          | styles        | 95 bytes |

                    | Initial total |  6.56 kB

Application bundle generation complete. [0.087 seconds] - 2026-02-03T18:34:38.261Z
